<?xml version="1.0" encoding="UTF-8"?>
<testsuites name="Buynow Process for Premium" time="59" tests="10" failures="0" errors="0">
   <testsuite name="Buynow Process for Premium" tests="10" failures="0" errors="0" time="59" timestamp="2019-04-08 17:16:57" hostname="sambhavi - sambhavi.jmandigital.in" id="Test Suites/Buynow Process for Premium">
      <properties>
         <property name="deviceName" value=""/>
         <property name="devicePlatform" value=""/>
         <property name="logFolder" value="C:\\Users\\sambhavi\\git\\staging-mccc\\Reports\\Buynow Process for Premium\\20190408_171653"/>
         <property name="logFiles" value="C:\\Users\\sambhavi\\git\\staging-mccc\\Reports\\Buynow Process for Premium\\20190408_171653\\execution0.log"/>
         <property name="attachments" value=""/>
         <property name="hostName" value="sambhavi - sambhavi.jmandigital.in"/>
         <property name="os" value="Windows 10 64bit"/>
         <property name="katalonVersion" value="6.1.0.1"/>
         <property name="browser" value="Chrome 73.0.3683.86"/>
         <property name="hostAddress" value="192.168.0.185"/>
         <property name="sessionId" value="3483d5ef9eef94f555e6ee968f3fa6f3"/>
         <property name="seleniumVersion" value="3.7.1"/>
         <property name="proxyInformation" value="ProxyInformation{proxyOption=NO_PROXY, proxyServerType=HTTP, password=, proxyServerAddress=, proxyServerPort=0}"/>
         <property name="platform" value="Windows 10"/>
      </properties>
      <testcase name="Test Cases/Buynow Process/Buynow for Premium" classname="Test Cases/Buynow Process/Buynow for Premium" status="PASSED">
         <system-out><![CDATA[2019-04-08 17:16:57 - [TEST_CASE][PASSED] - Test Cases/Buynow Process/Buynow for Premium: Test Cases/Buynow Process/Buynow for Premium

2019-04-08 17:16:58 - [TEST_STEP][PASSED] - comment("Buynow for Premium"): Buynow for Premium

2019-04-08 17:16:58 - [MESSAGE][INFO] - Buynow for Premium

2019-04-08 17:16:58 - [TEST_STEP][PASSED] - openBrowser(""): Browser is opened with url: ''

2019-04-08 17:16:58 - [MESSAGE][INFO] - Starting 'Chrome' driver

2019-04-08 17:16:58 - [MESSAGE][INFO] - Action delay is set to 0 seconds

2019-04-08 17:17:10 - [MESSAGE][PASSED] - Browser is opened with url: ''

2019-04-08 17:17:10 - [TEST_STEP][PASSED] - navigateToUrl("http://192.168.0.28:90/list"): Navigate to 'http://192.168.0.28:90/list' successfully

2019-04-08 17:17:13 - [MESSAGE][PASSED] - Navigate to 'http://192.168.0.28:90/list' successfully

2019-04-08 17:17:13 - [TEST_STEP][PASSED] - scrollToElement(findTestObject("Buynow process/Buynow for premium/Page_Middlesex Cricket Memberships/Premium buynow button"), 0): Scroll to object 'Object Repository/Buynow process/Buynow for premium/Page_Middlesex Cricket Memberships/Premium buynow button' successfully

2019-04-08 17:17:13 - [MESSAGE][WARNING] - Timeout '0' is invalid. Using default page load timeout: '30'

2019-04-08 17:17:13 - [MESSAGE][PASSED] - Scroll to object 'Object Repository/Buynow process/Buynow for premium/Page_Middlesex Cricket Memberships/Premium buynow button' successfully

2019-04-08 17:17:13 - [TEST_STEP][PASSED] - click(findTestObject("Buynow process/Buynow for premium/Page_Middlesex Cricket Memberships/Premium buynow button")): Object: 'Object Repository/Buynow process/Buynow for premium/Page_Middlesex Cricket Memberships/Premium buynow button' is clicked on

2019-04-08 17:17:14 - [MESSAGE][PASSED] - Object: 'Object Repository/Buynow process/Buynow for premium/Page_Middlesex Cricket Memberships/Premium buynow button' is clicked on

2019-04-08 17:17:14 - [TEST_STEP][PASSED] - quantitytotal = getNumberOfTotalOption(findTestObject("Buynow process/Buynow for premium/Page_PREMIER/select quantity")): 10 options of object 'Object Repository/Buynow process/Buynow for premium/Page_PREMIER/select quantity' counted

2019-04-08 17:17:14 - [MESSAGE][PASSED] - 10 options of object 'Object Repository/Buynow process/Buynow for premium/Page_PREMIER/select quantity' counted

2019-04-08 17:17:14 - [TEST_STEP][PASSED] - rad = new java.util.Random(): null

2019-04-08 17:17:14 - [TEST_STEP][PASSED] - quantity = 1 + rad.nextInt(quantitytotal - 1): null

2019-04-08 17:17:14 - [TEST_STEP][PASSED] - selectOptionByIndex(findTestObject("Buynow process/Buynow for premium/Page_PREMIER/select quantity"), quantity): All options with index in [9] are selected on object 'Object Repository/Buynow process/Buynow for premium/Page_PREMIER/select quantity'

2019-04-08 17:17:14 - [MESSAGE][PASSED] - All options with index in [9] are selected on object 'Object Repository/Buynow process/Buynow for premium/Page_PREMIER/select quantity'

2019-04-08 17:17:14 - [TEST_STEP][PASSED] - totalquantity1 = getAttribute(findTestObject("Buynow process/Buynow for premium/Page_PREMIER/select quantity"), "value"): Attribute 'value' of object 'Object Repository/Buynow process/Buynow for premium/Page_PREMIER/select quantity' is: '10'

2019-04-08 17:17:14 - [MESSAGE][PASSED] - Attribute 'value' of object 'Object Repository/Buynow process/Buynow for premium/Page_PREMIER/select quantity' is: '10'

2019-04-08 17:17:14 - [TEST_STEP][PASSED] - click(findTestObject("Buynow process/Buynow for premium/Page_PREMIER/Add to Basket button")): Object: 'Object Repository/Buynow process/Buynow for premium/Page_PREMIER/Add to Basket button' is clicked on

2019-04-08 17:17:14 - [MESSAGE][PASSED] - Object: 'Object Repository/Buynow process/Buynow for premium/Page_PREMIER/Add to Basket button' is clicked on

2019-04-08 17:17:14 - [TEST_STEP][PASSED] - totalquantity2 = getAttribute(findTestObject("Buynow process/Buynow for premium/Page_/Quantity in basket"), "value"): Attribute 'value' of object 'Object Repository/Buynow process/Buynow for premium/Page_/Quantity in basket' is: '10'

2019-04-08 17:17:15 - [MESSAGE][PASSED] - Attribute 'value' of object 'Object Repository/Buynow process/Buynow for premium/Page_/Quantity in basket' is: '10'

2019-04-08 17:17:15 - [TEST_STEP][PASSED] - assert totalquantity1 == totalquantity2: null

2019-04-08 17:17:15 - [TEST_STEP][PASSED] - scrollToElement(findTestObject("Buynow process/Buynow for premium/Page_/Basket Checkout"), 0): Scroll to object 'Object Repository/Buynow process/Buynow for premium/Page_/Basket Checkout' successfully

2019-04-08 17:17:15 - [MESSAGE][WARNING] - Timeout '0' is invalid. Using default page load timeout: '30'

2019-04-08 17:17:15 - [MESSAGE][PASSED] - Scroll to object 'Object Repository/Buynow process/Buynow for premium/Page_/Basket Checkout' successfully

2019-04-08 17:17:15 - [TEST_STEP][PASSED] - click(findTestObject("Buynow process/Buynow for premium/Page_/Basket Checkout")): Object: 'Object Repository/Buynow process/Buynow for premium/Page_/Basket Checkout' is clicked on

2019-04-08 17:17:16 - [MESSAGE][PASSED] - Object: 'Object Repository/Buynow process/Buynow for premium/Page_/Basket Checkout' is clicked on]]></system-out>
         <system-err><![CDATA[]]></system-err>
      </testcase>
      <testcase name="Test Cases/User Details/Registration" classname="Test Cases/User Details/Registration" status="PASSED">
         <system-out><![CDATA[2019-04-08 17:17:16 - [TEST_CASE][PASSED] - Test Cases/User Details/Registration: Test Cases/User Details/Registration

2019-04-08 17:17:16 - [TEST_STEP][PASSED] - comment("Registration for MCCC"): Registration for MCCC

2019-04-08 17:17:16 - [MESSAGE][INFO] - Registration for MCCC

2019-04-08 17:17:16 - [TEST_STEP][PASSED] - setText(findTestObject("User Details/Registration/Page_Laravel/Reg_First name"), "John"): Text 'John' is set on object 'Object Repository/User Details/Registration/Page_Laravel/Reg_First name'

2019-04-08 17:17:16 - [MESSAGE][PASSED] - Text 'John' is set on object 'Object Repository/User Details/Registration/Page_Laravel/Reg_First name'

2019-04-08 17:17:16 - [TEST_STEP][PASSED] - setText(findTestObject("User Details/Registration/Page_Laravel/Reg_Last name"), "Levis"): Text 'Levis' is set on object 'Object Repository/User Details/Registration/Page_Laravel/Reg_Last name'

2019-04-08 17:17:16 - [MESSAGE][PASSED] - Text 'Levis' is set on object 'Object Repository/User Details/Registration/Page_Laravel/Reg_Last name'

2019-04-08 17:17:16 - [TEST_STEP][PASSED] - setText(findTestObject("User Details/Registration/Page_Laravel/Reg_Date of birth"), "02-03-1996"): Text '02-03-1996' is set on object 'Object Repository/User Details/Registration/Page_Laravel/Reg_Date of birth'

2019-04-08 17:17:17 - [MESSAGE][PASSED] - Text '02-03-1996' is set on object 'Object Repository/User Details/Registration/Page_Laravel/Reg_Date of birth'

2019-04-08 17:17:17 - [TEST_STEP][PASSED] - rad = new java.util.Random(): null

2019-04-08 17:17:17 - [TEST_STEP][PASSED] - Email = rad.nextInt(2000): null

2019-04-08 17:17:17 - [TEST_STEP][PASSED] - Regemail = setText(findTestObject("User Details/Registration/Page_Laravel/Reg_Email"), "MCCC" + Email + "@gmail.com"): Text 'MCCC1721@gmail.com' is set on object 'Object Repository/User Details/Registration/Page_Laravel/Reg_Email'

2019-04-08 17:17:17 - [MESSAGE][PASSED] - Text 'MCCC1721@gmail.com' is set on object 'Object Repository/User Details/Registration/Page_Laravel/Reg_Email'

2019-04-08 17:17:17 - [TEST_STEP][PASSED] - setEncryptedText(findTestObject("User Details/Registration/Page_Laravel/Reg_Password"), "nbPRAawFRnE="): Text ****** has been set on object 'Object Repository/User Details/Registration/Page_Laravel/Reg_Password'

2019-04-08 17:17:17 - [MESSAGE][PASSED] - Text ****** has been set on object 'Object Repository/User Details/Registration/Page_Laravel/Reg_Password'

2019-04-08 17:17:17 - [TEST_STEP][PASSED] - setEncryptedText(findTestObject("User Details/Registration/Page_Laravel/Reg_Confirm password"), "nbPRAawFRnE="): Text ****** has been set on object 'Object Repository/User Details/Registration/Page_Laravel/Reg_Confirm password'

2019-04-08 17:17:17 - [MESSAGE][PASSED] - Text ****** has been set on object 'Object Repository/User Details/Registration/Page_Laravel/Reg_Confirm password'

2019-04-08 17:17:17 - [TEST_STEP][PASSED] - scrollToElement(findTestObject("User Details/Registration/Page_Laravel/button_REGISTER"), 0): Scroll to object 'Object Repository/User Details/Registration/Page_Laravel/button_REGISTER' successfully

2019-04-08 17:17:17 - [MESSAGE][WARNING] - Timeout '0' is invalid. Using default page load timeout: '30'

2019-04-08 17:17:17 - [MESSAGE][PASSED] - Scroll to object 'Object Repository/User Details/Registration/Page_Laravel/button_REGISTER' successfully

2019-04-08 17:17:17 - [TEST_STEP][PASSED] - click(findTestObject("User Details/Registration/Page_Laravel/button_REGISTER")): Object: 'Object Repository/User Details/Registration/Page_Laravel/button_REGISTER' is clicked on

2019-04-08 17:17:18 - [MESSAGE][PASSED] - Object: 'Object Repository/User Details/Registration/Page_Laravel/button_REGISTER' is clicked on]]></system-out>
         <system-err><![CDATA[]]></system-err>
      </testcase>
      <testcase name="Test Cases/User Details/Billing address details" classname="Test Cases/User Details/Billing address details" status="PASSED">
         <system-out><![CDATA[2019-04-08 17:17:18 - [TEST_CASE][PASSED] - Test Cases/User Details/Billing address details: Test Cases/User Details/Billing address details

2019-04-08 17:17:18 - [TEST_STEP][PASSED] - comment("Billing Address Details"): Billing Address Details

2019-04-08 17:17:18 - [MESSAGE][INFO] - Billing Address Details

2019-04-08 17:17:18 - [TEST_STEP][PASSED] - delay(5): Delayed 5 second(s)

2019-04-08 17:17:23 - [MESSAGE][PASSED] - Delayed 5 second(s)

2019-04-08 17:17:23 - [TEST_STEP][PASSED] - Totaltitle = getNumberOfTotalOption(findTestObject("User Details/Billing address details/Page_/Absolute_title")): 7 options of object 'Object Repository/User Details/Billing address details/Page_/Absolute_title' counted

2019-04-08 17:17:23 - [MESSAGE][PASSED] - 7 options of object 'Object Repository/User Details/Billing address details/Page_/Absolute_title' counted

2019-04-08 17:17:23 - [TEST_STEP][PASSED] - rad = new java.util.Random(): null

2019-04-08 17:17:23 - [TEST_STEP][PASSED] - count = 1 + rad.nextInt(Totaltitle - 1): null

2019-04-08 17:17:23 - [TEST_STEP][PASSED] - scrollToElement(findTestObject("User Details/Billing address details/Page_/Absolute_title"), 0): Scroll to object 'Object Repository/User Details/Billing address details/Page_/Absolute_title' successfully

2019-04-08 17:17:23 - [MESSAGE][WARNING] - Timeout '0' is invalid. Using default page load timeout: '30'

2019-04-08 17:17:23 - [MESSAGE][PASSED] - Scroll to object 'Object Repository/User Details/Billing address details/Page_/Absolute_title' successfully

2019-04-08 17:17:23 - [TEST_STEP][PASSED] - selectOptionByIndex(findTestObject("User Details/Billing address details/Page_/Absolute_title"), count): All options with index in [4] are selected on object 'Object Repository/User Details/Billing address details/Page_/Absolute_title'

2019-04-08 17:17:24 - [MESSAGE][PASSED] - All options with index in [4] are selected on object 'Object Repository/User Details/Billing address details/Page_/Absolute_title'

2019-04-08 17:17:24 - [TEST_STEP][PASSED] - if (count == 5): null

2019-04-08 17:17:24 - [TEST_STEP][PASSED] - scrollToElement(findTestObject("User Details/Billing address details/Page_/Abs -street"), 0): Scroll to object 'Object Repository/User Details/Billing address details/Page_/Abs -street' successfully

2019-04-08 17:17:24 - [MESSAGE][WARNING] - Timeout '0' is invalid. Using default page load timeout: '30'

2019-04-08 17:17:24 - [MESSAGE][PASSED] - Scroll to object 'Object Repository/User Details/Billing address details/Page_/Abs -street' successfully

2019-04-08 17:17:24 - [TEST_STEP][PASSED] - setText(findTestObject("User Details/Billing address details/Page_/Abs -street"), "SN puram"): Text 'SN puram' is set on object 'Object Repository/User Details/Billing address details/Page_/Abs -street'

2019-04-08 17:17:24 - [MESSAGE][PASSED] - Text 'SN puram' is set on object 'Object Repository/User Details/Billing address details/Page_/Abs -street'

2019-04-08 17:17:24 - [TEST_STEP][PASSED] - setText(findTestObject("User Details/Billing address details/Page_/Absolute-Address"), "3rd link Street"): Text '3rd link Street' is set on object 'Object Repository/User Details/Billing address details/Page_/Absolute-Address'

2019-04-08 17:17:24 - [MESSAGE][PASSED] - Text '3rd link Street' is set on object 'Object Repository/User Details/Billing address details/Page_/Absolute-Address'

2019-04-08 17:17:24 - [TEST_STEP][PASSED] - setText(findTestObject("User Details/Billing address details/Page_/Absolute_City"), "Chennai"): Text 'Chennai' is set on object 'Object Repository/User Details/Billing address details/Page_/Absolute_City'

2019-04-08 17:17:24 - [MESSAGE][PASSED] - Text 'Chennai' is set on object 'Object Repository/User Details/Billing address details/Page_/Absolute_City'

2019-04-08 17:17:24 - [TEST_STEP][PASSED] - Totalcounty = getNumberOfTotalOption(findTestObject("User Details/New Billing address/Page_/County")): 123 options of object 'Object Repository/User Details/New Billing address/Page_/County' counted

2019-04-08 17:17:25 - [MESSAGE][PASSED] - 123 options of object 'Object Repository/User Details/New Billing address/Page_/County' counted

2019-04-08 17:17:25 - [TEST_STEP][PASSED] - rad1 = new java.util.Random(): null

2019-04-08 17:17:25 - [TEST_STEP][PASSED] - count1 = 1 + rad1.nextInt(Totalcounty - 1): null

2019-04-08 17:17:25 - [TEST_STEP][PASSED] - selectOptionByIndex(findTestObject("User Details/New Billing address/Page_/County"), count1): All options with index in [30] are selected on object 'Object Repository/User Details/New Billing address/Page_/County'

2019-04-08 17:17:25 - [MESSAGE][PASSED] - All options with index in [30] are selected on object 'Object Repository/User Details/New Billing address/Page_/County'

2019-04-08 17:17:25 - [TEST_STEP][PASSED] - setText(findTestObject("User Details/Billing address details/Page_/Absolute_postalcode"), "562396"): Text '562396' is set on object 'Object Repository/User Details/Billing address details/Page_/Absolute_postalcode'

2019-04-08 17:17:25 - [MESSAGE][PASSED] - Text '562396' is set on object 'Object Repository/User Details/Billing address details/Page_/Absolute_postalcode'

2019-04-08 17:17:25 - [TEST_STEP][PASSED] - Totalcountry = getNumberOfTotalOption(findTestObject("User Details/New Billing address/Page_/Country")): 250 options of object 'Object Repository/User Details/New Billing address/Page_/Country' counted

2019-04-08 17:17:25 - [MESSAGE][PASSED] - 250 options of object 'Object Repository/User Details/New Billing address/Page_/Country' counted

2019-04-08 17:17:25 - [TEST_STEP][PASSED] - rad2 = new java.util.Random(): null

2019-04-08 17:17:25 - [TEST_STEP][PASSED] - count2 = 1 + rad2.nextInt(Totalcountry - 1): null

2019-04-08 17:17:25 - [TEST_STEP][PASSED] - selectOptionByIndex(findTestObject("User Details/New Billing address/Page_/Country"), count2): All options with index in [21] are selected on object 'Object Repository/User Details/New Billing address/Page_/Country'

2019-04-08 17:17:26 - [MESSAGE][PASSED] - All options with index in [21] are selected on object 'Object Repository/User Details/New Billing address/Page_/Country'

2019-04-08 17:17:26 - [TEST_STEP][PASSED] - setText(findTestObject("User Details/Billing address details/Page_/Absolute_telephone"), "96632587412"): Text '96632587412' is set on object 'Object Repository/User Details/Billing address details/Page_/Absolute_telephone'

2019-04-08 17:17:26 - [MESSAGE][PASSED] - Text '96632587412' is set on object 'Object Repository/User Details/Billing address details/Page_/Absolute_telephone']]></system-out>
         <system-err><![CDATA[]]></system-err>
      </testcase>
      <testcase name="Test Cases/User Details/New Billing address" classname="Test Cases/User Details/New Billing address" status="PASSED">
         <system-out><![CDATA[2019-04-08 17:17:26 - [TEST_CASE][PASSED] - Test Cases/User Details/New Billing address: Test Cases/User Details/New Billing address

2019-04-08 17:17:26 - [TEST_STEP][PASSED] - click(findTestObject("User Details/New Billing address/Page_/input_Same as billing address_ca_deliveryoption")): Object: 'Object Repository/User Details/New Billing address/Page_/input_Same as billing address_ca_deliveryoption' is clicked on

2019-04-08 17:17:26 - [MESSAGE][PASSED] - Object: 'Object Repository/User Details/New Billing address/Page_/input_Same as billing address_ca_deliveryoption' is clicked on

2019-04-08 17:17:26 - [TEST_STEP][PASSED] - Totaltitle = getNumberOfTotalOption(findTestObject("User Details/New Billing address/Absolute_Title")): 7 options of object 'Object Repository/User Details/New Billing address/Absolute_Title' counted

2019-04-08 17:17:26 - [MESSAGE][PASSED] - 7 options of object 'Object Repository/User Details/New Billing address/Absolute_Title' counted

2019-04-08 17:17:26 - [TEST_STEP][PASSED] - rad = new java.util.Random(): null

2019-04-08 17:17:26 - [TEST_STEP][PASSED] - count = 1 + rad.nextInt(Totaltitle - 1): null

2019-04-08 17:17:26 - [TEST_STEP][PASSED] - selectOptionByIndex(findTestObject("User Details/New Billing address/Absolute_Title"), count, STOP_ON_FAILURE): All options with index in [1] are selected on object 'Object Repository/User Details/New Billing address/Absolute_Title'

2019-04-08 17:17:27 - [MESSAGE][PASSED] - All options with index in [1] are selected on object 'Object Repository/User Details/New Billing address/Absolute_Title'

2019-04-08 17:17:27 - [TEST_STEP][PASSED] - if (count == 5): null

2019-04-08 17:17:27 - [TEST_STEP][PASSED] - setText(findTestObject("User Details/New Billing address/Page_/input_First name_ca_deliveryorderbaseaddressfirstname"), "Williams"): Text 'Williams' is set on object 'Object Repository/User Details/New Billing address/Page_/input_First name_ca_deliveryorderbaseaddressfirstname'

2019-04-08 17:17:27 - [MESSAGE][PASSED] - Text 'Williams' is set on object 'Object Repository/User Details/New Billing address/Page_/input_First name_ca_deliveryorderbaseaddressfirstname'

2019-04-08 17:17:27 - [TEST_STEP][PASSED] - setText(findTestObject("User Details/New Billing address/Page_/input_Last name_ca_deliveryorderbaseaddresslastname"), "denim"): Text 'denim' is set on object 'Object Repository/User Details/New Billing address/Page_/input_Last name_ca_deliveryorderbaseaddresslastname'

2019-04-08 17:17:27 - [MESSAGE][PASSED] - Text 'denim' is set on object 'Object Repository/User Details/New Billing address/Page_/input_Last name_ca_deliveryorderbaseaddresslastname'

2019-04-08 17:17:27 - [TEST_STEP][PASSED] - setText(findTestObject("User Details/New Billing address/Page_/input_Street_ca_deliveryorderbaseaddressaddress1"), "Link street"): Text 'Link street' is set on object 'Object Repository/User Details/New Billing address/Page_/input_Street_ca_deliveryorderbaseaddressaddress1'

2019-04-08 17:17:27 - [MESSAGE][PASSED] - Text 'Link street' is set on object 'Object Repository/User Details/New Billing address/Page_/input_Street_ca_deliveryorderbaseaddressaddress1'

2019-04-08 17:17:27 - [TEST_STEP][PASSED] - setText(findTestObject("User Details/New Billing address/Page_/input_Address_ca_deliveryorderbaseaddressaddress2"), "56/7"): Text '56/7' is set on object 'Object Repository/User Details/New Billing address/Page_/input_Address_ca_deliveryorderbaseaddressaddress2'

2019-04-08 17:17:27 - [MESSAGE][PASSED] - Text '56/7' is set on object 'Object Repository/User Details/New Billing address/Page_/input_Address_ca_deliveryorderbaseaddressaddress2'

2019-04-08 17:17:27 - [TEST_STEP][PASSED] - setText(findTestObject("User Details/New Billing address/Page_/input_City_ca_deliveryorderbaseaddresscity"), "chennai"): Text 'chennai' is set on object 'Object Repository/User Details/New Billing address/Page_/input_City_ca_deliveryorderbaseaddresscity'

2019-04-08 17:17:28 - [MESSAGE][PASSED] - Text 'chennai' is set on object 'Object Repository/User Details/New Billing address/Page_/input_City_ca_deliveryorderbaseaddresscity'

2019-04-08 17:17:28 - [TEST_STEP][PASSED] - Totalcounty = getNumberOfTotalOption(findTestObject("User Details/New Billing address/Absolute-county")): 123 options of object 'Object Repository/User Details/New Billing address/Absolute-county' counted

2019-04-08 17:17:28 - [MESSAGE][PASSED] - 123 options of object 'Object Repository/User Details/New Billing address/Absolute-county' counted

2019-04-08 17:17:28 - [TEST_STEP][PASSED] - rad1 = new java.util.Random(): null

2019-04-08 17:17:28 - [TEST_STEP][PASSED] - count1 = 1 + rad1.nextInt(Totalcounty - 1): null

2019-04-08 17:17:28 - [TEST_STEP][PASSED] - selectOptionByIndex(findTestObject("User Details/New Billing address/Absolute-county"), count1): All options with index in [39] are selected on object 'Object Repository/User Details/New Billing address/Absolute-county'

2019-04-08 17:17:28 - [MESSAGE][PASSED] - All options with index in [39] are selected on object 'Object Repository/User Details/New Billing address/Absolute-county'

2019-04-08 17:17:28 - [TEST_STEP][PASSED] - setText(findTestObject("User Details/New Billing address/Page_/input_Postal code_ca_deliveryorderbaseaddresspostal"), "562396"): Text '562396' is set on object 'Object Repository/User Details/New Billing address/Page_/input_Postal code_ca_deliveryorderbaseaddresspostal'

2019-04-08 17:17:28 - [MESSAGE][PASSED] - Text '562396' is set on object 'Object Repository/User Details/New Billing address/Page_/input_Postal code_ca_deliveryorderbaseaddresspostal'

2019-04-08 17:17:28 - [TEST_STEP][PASSED] - Totalcountry = getNumberOfTotalOption(findTestObject("User Details/New Billing address/Absolute_country")): 250 options of object 'Object Repository/User Details/New Billing address/Absolute_country' counted

2019-04-08 17:17:29 - [MESSAGE][PASSED] - 250 options of object 'Object Repository/User Details/New Billing address/Absolute_country' counted

2019-04-08 17:17:29 - [TEST_STEP][PASSED] - rad2 = new java.util.Random(): null

2019-04-08 17:17:29 - [TEST_STEP][PASSED] - count2 = 1 + rad2.nextInt(Totalcountry - 1): null

2019-04-08 17:17:29 - [TEST_STEP][PASSED] - selectOptionByIndex(findTestObject("User Details/New Billing address/Absolute_country"), count2): All options with index in [163] are selected on object 'Object Repository/User Details/New Billing address/Absolute_country'

2019-04-08 17:17:30 - [MESSAGE][PASSED] - All options with index in [163] are selected on object 'Object Repository/User Details/New Billing address/Absolute_country'

2019-04-08 17:17:30 - [TEST_STEP][PASSED] - click(findTestObject("User Details/New Billing address/Page_/button_Next")): Object: 'Object Repository/User Details/New Billing address/Page_/button_Next' is clicked on

2019-04-08 17:17:30 - [MESSAGE][PASSED] - Object: 'Object Repository/User Details/New Billing address/Page_/button_Next' is clicked on]]></system-out>
         <system-err><![CDATA[]]></system-err>
      </testcase>
      <testcase name="Test Cases/Summary/Delivery and payment" classname="Test Cases/Summary/Delivery and payment" status="PASSED">
         <system-out><![CDATA[2019-04-08 17:17:30 - [TEST_CASE][PASSED] - Test Cases/Summary/Delivery and payment: Test Cases/Summary/Delivery and payment

2019-04-08 17:17:31 - [TEST_STEP][PASSED] - scrollToElement(findTestObject("Summary/Edit Billing/Page_/small_Next"), 0): Scroll to object 'Object Repository/Summary/Edit Billing/Page_/small_Next' successfully

2019-04-08 17:17:31 - [MESSAGE][WARNING] - Timeout '0' is invalid. Using default page load timeout: '30'

2019-04-08 17:17:31 - [MESSAGE][PASSED] - Scroll to object 'Object Repository/Summary/Edit Billing/Page_/small_Next' successfully

2019-04-08 17:17:31 - [TEST_STEP][PASSED] - click(findTestObject("Summary/Edit Billing/Page_/small_Next")): Object: 'Object Repository/Summary/Edit Billing/Page_/small_Next' is clicked on

2019-04-08 17:17:31 - [MESSAGE][PASSED] - Object: 'Object Repository/Summary/Edit Billing/Page_/small_Next' is clicked on

2019-04-08 17:17:31 - [TEST_STEP][PASSED] - delay(5): Delayed 5 second(s)

2019-04-08 17:17:36 - [MESSAGE][PASSED] - Delayed 5 second(s)

2019-04-08 17:17:36 - [TEST_STEP][PASSED] - scrollToElement(findTestObject("Summary/Delivery and payment/Page_/Payment_nextbutton"), 0): Scroll to object 'Object Repository/Summary/Delivery and payment/Page_/Payment_nextbutton' successfully

2019-04-08 17:17:36 - [MESSAGE][WARNING] - Timeout '0' is invalid. Using default page load timeout: '30'

2019-04-08 17:17:36 - [MESSAGE][PASSED] - Scroll to object 'Object Repository/Summary/Delivery and payment/Page_/Payment_nextbutton' successfully

2019-04-08 17:17:36 - [TEST_STEP][PASSED] - click(findTestObject("Summary/Delivery and payment/Page_/Payment_nextbutton")): Object: 'Object Repository/Summary/Delivery and payment/Page_/Payment_nextbutton' is clicked on

2019-04-08 17:17:36 - [MESSAGE][PASSED] - Object: 'Object Repository/Summary/Delivery and payment/Page_/Payment_nextbutton' is clicked on]]></system-out>
         <system-err><![CDATA[]]></system-err>
      </testcase>
      <testcase name="Test Cases/Summary/Edit Billing address" classname="Test Cases/Summary/Edit Billing address" status="PASSED">
         <system-out><![CDATA[2019-04-08 17:17:36 - [TEST_CASE][PASSED] - Test Cases/Summary/Edit Billing address: Test Cases/Summary/Edit Billing address

2019-04-08 17:17:37 - [TEST_STEP][PASSED] - click(findTestObject("Summary/Edit Billing/Page_/i_Complete_fa fa-edit")): Object: 'Object Repository/Summary/Edit Billing/Page_/i_Complete_fa fa-edit' is clicked on

2019-04-08 17:17:37 - [MESSAGE][PASSED] - Object: 'Object Repository/Summary/Edit Billing/Page_/i_Complete_fa fa-edit' is clicked on

2019-04-08 17:17:37 - [TEST_STEP][PASSED] - setText(findTestObject("User Details/Billing address details/Page_/Abs -street"), "OMR"): Text 'OMR' is set on object 'Object Repository/User Details/Billing address details/Page_/Abs -street'

2019-04-08 17:17:37 - [MESSAGE][PASSED] - Text 'OMR' is set on object 'Object Repository/User Details/Billing address details/Page_/Abs -street'

2019-04-08 17:17:37 - [TEST_STEP][PASSED] - setText(findTestObject("User Details/Billing address details/Page_/Absolute_City"), "Delhi"): Text 'Delhi' is set on object 'Object Repository/User Details/Billing address details/Page_/Absolute_City'

2019-04-08 17:17:37 - [MESSAGE][PASSED] - Text 'Delhi' is set on object 'Object Repository/User Details/Billing address details/Page_/Absolute_City'

2019-04-08 17:17:37 - [TEST_STEP][PASSED] - setText(findTestObject("User Details/Billing address details/Page_/Absolute_postalcode"), "54253254"): Text '54253254' is set on object 'Object Repository/User Details/Billing address details/Page_/Absolute_postalcode'

2019-04-08 17:17:38 - [MESSAGE][PASSED] - Text '54253254' is set on object 'Object Repository/User Details/Billing address details/Page_/Absolute_postalcode'

2019-04-08 17:17:38 - [TEST_STEP][PASSED] - scrollToElement(findTestObject("Summary/Edit Billing/Page_/button_Next"), 0): Scroll to object 'Object Repository/Summary/Edit Billing/Page_/button_Next' successfully

2019-04-08 17:17:38 - [MESSAGE][WARNING] - Timeout '0' is invalid. Using default page load timeout: '30'

2019-04-08 17:17:38 - [MESSAGE][PASSED] - Scroll to object 'Object Repository/Summary/Edit Billing/Page_/button_Next' successfully

2019-04-08 17:17:38 - [TEST_STEP][PASSED] - click(findTestObject("Summary/Edit Billing/Page_/button_Next")): Object: 'Object Repository/Summary/Edit Billing/Page_/button_Next' is clicked on

2019-04-08 17:17:38 - [MESSAGE][PASSED] - Object: 'Object Repository/Summary/Edit Billing/Page_/button_Next' is clicked on]]></system-out>
         <system-err><![CDATA[]]></system-err>
      </testcase>
      <testcase name="Test Cases/Summary/Delivery and payment" classname="Test Cases/Summary/Delivery and payment" status="PASSED">
         <system-out><![CDATA[2019-04-08 17:17:38 - [TEST_CASE][PASSED] - Test Cases/Summary/Delivery and payment: Test Cases/Summary/Delivery and payment

2019-04-08 17:17:38 - [TEST_STEP][PASSED] - scrollToElement(findTestObject("Summary/Edit Billing/Page_/small_Next"), 0): Scroll to object 'Object Repository/Summary/Edit Billing/Page_/small_Next' successfully

2019-04-08 17:17:38 - [MESSAGE][WARNING] - Timeout '0' is invalid. Using default page load timeout: '30'

2019-04-08 17:17:38 - [MESSAGE][PASSED] - Scroll to object 'Object Repository/Summary/Edit Billing/Page_/small_Next' successfully

2019-04-08 17:17:38 - [TEST_STEP][PASSED] - click(findTestObject("Summary/Edit Billing/Page_/small_Next")): Object: 'Object Repository/Summary/Edit Billing/Page_/small_Next' is clicked on

2019-04-08 17:17:38 - [MESSAGE][PASSED] - Object: 'Object Repository/Summary/Edit Billing/Page_/small_Next' is clicked on

2019-04-08 17:17:38 - [TEST_STEP][PASSED] - delay(5): Delayed 5 second(s)

2019-04-08 17:17:43 - [MESSAGE][PASSED] - Delayed 5 second(s)

2019-04-08 17:17:43 - [TEST_STEP][PASSED] - scrollToElement(findTestObject("Summary/Delivery and payment/Page_/Payment_nextbutton"), 0): Scroll to object 'Object Repository/Summary/Delivery and payment/Page_/Payment_nextbutton' successfully

2019-04-08 17:17:43 - [MESSAGE][WARNING] - Timeout '0' is invalid. Using default page load timeout: '30'

2019-04-08 17:17:43 - [MESSAGE][PASSED] - Scroll to object 'Object Repository/Summary/Delivery and payment/Page_/Payment_nextbutton' successfully

2019-04-08 17:17:43 - [TEST_STEP][PASSED] - click(findTestObject("Summary/Delivery and payment/Page_/Payment_nextbutton")): Object: 'Object Repository/Summary/Delivery and payment/Page_/Payment_nextbutton' is clicked on

2019-04-08 17:17:43 - [MESSAGE][PASSED] - Object: 'Object Repository/Summary/Delivery and payment/Page_/Payment_nextbutton' is clicked on]]></system-out>
         <system-err><![CDATA[]]></system-err>
      </testcase>
      <testcase name="Test Cases/Summary/Edit New billing adress" classname="Test Cases/Summary/Edit New billing adress" status="PASSED">
         <system-out><![CDATA[2019-04-08 17:17:44 - [TEST_CASE][PASSED] - Test Cases/Summary/Edit New billing adress: Test Cases/Summary/Edit New billing adress

2019-04-08 17:17:44 - [TEST_STEP][PASSED] - scrollToElement(findTestObject("Summary/Edit Billing/Page_/i_Mr  sam samfdgdfgdfgCaithness5643213Australiasgmailcom124545645_fa fa-edit"), 0): Scroll to object 'Object Repository/Summary/Edit Billing/Page_/i_Mr  sam samfdgdfgdfgCaithness5643213Australiasgmailcom124545645_fa fa-edit' successfully

2019-04-08 17:17:44 - [MESSAGE][WARNING] - Timeout '0' is invalid. Using default page load timeout: '30'

2019-04-08 17:17:44 - [MESSAGE][PASSED] - Scroll to object 'Object Repository/Summary/Edit Billing/Page_/i_Mr  sam samfdgdfgdfgCaithness5643213Australiasgmailcom124545645_fa fa-edit' successfully

2019-04-08 17:17:44 - [TEST_STEP][PASSED] - click(findTestObject("Summary/Edit Billing/Page_/i_Mr  sam samfdgdfgdfgCaithness5643213Australiasgmailcom124545645_fa fa-edit")): Object: 'Object Repository/Summary/Edit Billing/Page_/i_Mr  sam samfdgdfgdfgCaithness5643213Australiasgmailcom124545645_fa fa-edit' is clicked on

2019-04-08 17:17:44 - [MESSAGE][PASSED] - Object: 'Object Repository/Summary/Edit Billing/Page_/i_Mr  sam samfdgdfgdfgCaithness5643213Australiasgmailcom124545645_fa fa-edit' is clicked on

2019-04-08 17:17:44 - [TEST_STEP][PASSED] - setText(findTestObject("User Details/New Billing address/Page_/input_First name_ca_deliveryorderbaseaddressfirstname"), "Levis"): Text 'Levis' is set on object 'Object Repository/User Details/New Billing address/Page_/input_First name_ca_deliveryorderbaseaddressfirstname'

2019-04-08 17:17:44 - [MESSAGE][PASSED] - Text 'Levis' is set on object 'Object Repository/User Details/New Billing address/Page_/input_First name_ca_deliveryorderbaseaddressfirstname'

2019-04-08 17:17:44 - [TEST_STEP][PASSED] - setText(findTestObject("User Details/New Billing address/Page_/input_Last name_ca_deliveryorderbaseaddresslastname"), "hary"): Text 'hary' is set on object 'Object Repository/User Details/New Billing address/Page_/input_Last name_ca_deliveryorderbaseaddresslastname'

2019-04-08 17:17:44 - [MESSAGE][PASSED] - Text 'hary' is set on object 'Object Repository/User Details/New Billing address/Page_/input_Last name_ca_deliveryorderbaseaddresslastname'

2019-04-08 17:17:44 - [TEST_STEP][PASSED] - scrollToElement(findTestObject("User Details/New Billing address/Page_/button_Next"), 0): Scroll to object 'Object Repository/User Details/New Billing address/Page_/button_Next' successfully

2019-04-08 17:17:44 - [MESSAGE][WARNING] - Timeout '0' is invalid. Using default page load timeout: '30'

2019-04-08 17:17:44 - [MESSAGE][PASSED] - Scroll to object 'Object Repository/User Details/New Billing address/Page_/button_Next' successfully

2019-04-08 17:17:44 - [TEST_STEP][PASSED] - click(findTestObject("User Details/New Billing address/Page_/button_Next")): Object: 'Object Repository/User Details/New Billing address/Page_/button_Next' is clicked on

2019-04-08 17:17:44 - [MESSAGE][PASSED] - Object: 'Object Repository/User Details/New Billing address/Page_/button_Next' is clicked on]]></system-out>
         <system-err><![CDATA[]]></system-err>
      </testcase>
      <testcase name="Test Cases/Summary/Delivery and payment" classname="Test Cases/Summary/Delivery and payment" status="PASSED">
         <system-out><![CDATA[2019-04-08 17:17:44 - [TEST_CASE][PASSED] - Test Cases/Summary/Delivery and payment: Test Cases/Summary/Delivery and payment

2019-04-08 17:17:44 - [TEST_STEP][PASSED] - scrollToElement(findTestObject("Summary/Edit Billing/Page_/small_Next"), 0): Scroll to object 'Object Repository/Summary/Edit Billing/Page_/small_Next' successfully

2019-04-08 17:17:44 - [MESSAGE][WARNING] - Timeout '0' is invalid. Using default page load timeout: '30'

2019-04-08 17:17:44 - [MESSAGE][PASSED] - Scroll to object 'Object Repository/Summary/Edit Billing/Page_/small_Next' successfully

2019-04-08 17:17:44 - [TEST_STEP][PASSED] - click(findTestObject("Summary/Edit Billing/Page_/small_Next")): Object: 'Object Repository/Summary/Edit Billing/Page_/small_Next' is clicked on

2019-04-08 17:17:45 - [MESSAGE][PASSED] - Object: 'Object Repository/Summary/Edit Billing/Page_/small_Next' is clicked on

2019-04-08 17:17:45 - [TEST_STEP][PASSED] - delay(5): Delayed 5 second(s)

2019-04-08 17:17:50 - [MESSAGE][PASSED] - Delayed 5 second(s)

2019-04-08 17:17:50 - [TEST_STEP][PASSED] - scrollToElement(findTestObject("Summary/Delivery and payment/Page_/Payment_nextbutton"), 0): Scroll to object 'Object Repository/Summary/Delivery and payment/Page_/Payment_nextbutton' successfully

2019-04-08 17:17:50 - [MESSAGE][WARNING] - Timeout '0' is invalid. Using default page load timeout: '30'

2019-04-08 17:17:50 - [MESSAGE][PASSED] - Scroll to object 'Object Repository/Summary/Delivery and payment/Page_/Payment_nextbutton' successfully

2019-04-08 17:17:50 - [TEST_STEP][PASSED] - click(findTestObject("Summary/Delivery and payment/Page_/Payment_nextbutton")): Object: 'Object Repository/Summary/Delivery and payment/Page_/Payment_nextbutton' is clicked on

2019-04-08 17:17:50 - [MESSAGE][PASSED] - Object: 'Object Repository/Summary/Delivery and payment/Page_/Payment_nextbutton' is clicked on]]></system-out>
         <system-err><![CDATA[]]></system-err>
      </testcase>
      <testcase name="Test Cases/Summary/Edit Details" classname="Test Cases/Summary/Edit Details" status="PASSED">
         <system-out><![CDATA[2019-04-08 17:17:50 - [TEST_CASE][PASSED] - Test Cases/Summary/Edit Details: Test Cases/Summary/Edit Details

2019-04-08 17:17:50 - [TEST_STEP][PASSED] - scrollToElement(findTestObject("Summary/Edit Details/Page_/Edit Details button"), 0): Scroll to object 'Object Repository/Summary/Edit Details/Page_/Edit Details button' successfully

2019-04-08 17:17:50 - [MESSAGE][WARNING] - Timeout '0' is invalid. Using default page load timeout: '30'

2019-04-08 17:17:50 - [MESSAGE][PASSED] - Scroll to object 'Object Repository/Summary/Edit Details/Page_/Edit Details button' successfully

2019-04-08 17:17:50 - [TEST_STEP][PASSED] - click(findTestObject("Summary/Edit Details/Page_/Edit Details button")): Object: 'Object Repository/Summary/Edit Details/Page_/Edit Details button' is clicked on

2019-04-08 17:17:51 - [MESSAGE][PASSED] - Object: 'Object Repository/Summary/Edit Details/Page_/Edit Details button' is clicked on

2019-04-08 17:17:51 - [TEST_STEP][PASSED] - Totalquantity = getNumberOfTotalOption(findTestObject("Summary/Edit Details/Page_/select Quantity in Basket")): 10 options of object 'Object Repository/Summary/Edit Details/Page_/select Quantity in Basket' counted

2019-04-08 17:17:51 - [MESSAGE][PASSED] - 10 options of object 'Object Repository/Summary/Edit Details/Page_/select Quantity in Basket' counted

2019-04-08 17:17:51 - [TEST_STEP][PASSED] - rad = new java.util.Random(): null

2019-04-08 17:17:51 - [TEST_STEP][PASSED] - count = 1 + rad.nextInt(Totalquantity - 1): null

2019-04-08 17:17:51 - [TEST_STEP][PASSED] - selectOptionByIndex(findTestObject("Summary/Edit Details/Page_/select Quantity in Basket"), count): All options with index in [4] are selected on object 'Object Repository/Summary/Edit Details/Page_/select Quantity in Basket'

2019-04-08 17:17:51 - [MESSAGE][PASSED] - All options with index in [4] are selected on object 'Object Repository/Summary/Edit Details/Page_/select Quantity in Basket'

2019-04-08 17:17:51 - [TEST_STEP][PASSED] - scrollToElement(findTestObject("Summary/Edit Details/Page_/Basket Checkout"), 0): Scroll to object 'Object Repository/Summary/Edit Details/Page_/Basket Checkout' successfully

2019-04-08 17:17:51 - [MESSAGE][WARNING] - Timeout '0' is invalid. Using default page load timeout: '30'

2019-04-08 17:17:51 - [MESSAGE][PASSED] - Scroll to object 'Object Repository/Summary/Edit Details/Page_/Basket Checkout' successfully

2019-04-08 17:17:51 - [TEST_STEP][PASSED] - click(findTestObject("Summary/Edit Details/Page_/Basket Checkout")): Object: 'Object Repository/Summary/Edit Details/Page_/Basket Checkout' is clicked on

2019-04-08 17:17:51 - [MESSAGE][PASSED] - Object: 'Object Repository/Summary/Edit Details/Page_/Basket Checkout' is clicked on

2019-04-08 17:17:51 - [TEST_STEP][PASSED] - scrollToElement(findTestObject("Summary/Edit Details/Page_/agreement"), 0): Scroll to object 'Object Repository/Summary/Edit Details/Page_/agreement' successfully

2019-04-08 17:17:51 - [MESSAGE][WARNING] - Timeout '0' is invalid. Using default page load timeout: '30'

2019-04-08 17:17:51 - [MESSAGE][PASSED] - Scroll to object 'Object Repository/Summary/Edit Details/Page_/agreement' successfully

2019-04-08 17:17:51 - [TEST_STEP][PASSED] - click(findTestObject("Summary/Edit Details/Page_/agreement")): Object: 'Object Repository/Summary/Edit Details/Page_/agreement' is clicked on

2019-04-08 17:17:51 - [MESSAGE][PASSED] - Object: 'Object Repository/Summary/Edit Details/Page_/agreement' is clicked on

2019-04-08 17:17:51 - [TEST_STEP][PASSED] - scrollToElement(findTestObject("Summary/Edit Details/over/Page_/button_Buy now"), 0): Scroll to object 'Object Repository/Summary/Edit Details/over/Page_/button_Buy now' successfully

2019-04-08 17:17:51 - [MESSAGE][WARNING] - Timeout '0' is invalid. Using default page load timeout: '30'

2019-04-08 17:17:51 - [MESSAGE][PASSED] - Scroll to object 'Object Repository/Summary/Edit Details/over/Page_/button_Buy now' successfully

2019-04-08 17:17:51 - [TEST_STEP][PASSED] - click(findTestObject("Summary/Edit Details/over/Page_/button_Buy now")): Object: 'Object Repository/Summary/Edit Details/over/Page_/button_Buy now' is clicked on

2019-04-08 17:17:55 - [MESSAGE][PASSED] - Object: 'Object Repository/Summary/Edit Details/over/Page_/button_Buy now' is clicked on]]></system-out>
         <system-err><![CDATA[]]></system-err>
      </testcase>
      <system-out><![CDATA[2019-04-08 17:16:57 - [TEST_SUITE][PASSED] - Buynow Process for Premium: Test Cases/Summary/Edit Details]]></system-out>
      <system-err><![CDATA[]]></system-err>
   </testsuite>
</testsuites>
